# JRE version: Java(TM) SE Runtime Environment (15.0.1+9) (build 15.0.1+9-18)
# Java VM: Java HotSpot(TM) 64-Bit Server VM (15.0.1+9-18, mixed mode, sharing, tiered, compressed oops, parallel gc, windows-amd64)
GC Precious Log:
 CPUs: 8 total, 8 available
 Memory: 7991M
 Large Page Support: Disabled
 NUMA Support: Disabled
 Compressed Oops: Enabled (32-bit)
 Heap Min Capacity: 100M
 Heap Initial Capacity: 100M
 Heap Max Capacity: 1G
 Pre-touch: Disabled
 Parallel Workers: 8
Heap:
 PSYoungGen      total 4096K, used 3108K [0x00000000eab00000, 0x00000000eb000000, 0x0000000100000000)
  eden space 3584K, 80% used [0x00000000eab00000,0x00000000eadd1158,0x00000000eae80000)
  from space 512K, 43% used [0x00000000eaf80000,0x00000000eafb8000,0x00000000eb000000)
  to   space 512K, 0% used [0x00000000eaf00000,0x00000000eaf00000,0x00000000eaf80000)
 ParOldGen       total 66560K, used 52140K [0x00000000c0000000, 0x00000000c4100000, 0x00000000eab00000)
  object space 66560K, 78% used [0x00000000c0000000,0x00000000c32eb238,0x00000000c4100000)
 Metaspace       used 69552K, capacity 72042K, committed 72084K, reserved 1114112K
  class space    used 6455K, capacity 7423K, committed 7424K, reserved 1048576K
GC Heap History (20 events):
Event: 6317.001 GC heap before
{Heap before GC invocations=12520 (full 410):
 PSYoungGen      total 2560K, used 2560K [0x00000000eab00000, 0x00000000eb500000, 0x0000000100000000)
  eden space 512K, 100% used [0x00000000eab00000,0x00000000eab80000,0x00000000eab80000)
  from space 2048K, 100% used [0x00000000eaf00000,0x00000000eb100000,0x00000000eb100000)
  to   space 3584K, 0% used [0x00000000eab80000,0x00000000eab80000,0x00000000eaf00000)
 ParOldGen       total 62976K, used 60510K [0x00000000c0000000, 0x00000000c3d80000, 0x00000000eab00000)
  object space 62976K, 96% used [0x00000000c0000000,0x00000000c3b178c8,0x00000000c3d80000)
 Metaspace       used 69208K, capacity 71619K, committed 71828K, reserved 1114112K
  class space    used 6409K, capacity 7350K, committed 7424K, reserved 1048576K
}
Event: 6317.003 GC heap after
{Heap after GC invocations=12520 (full 410):
 PSYoungGen      total 1536K, used 544K [0x00000000eab00000, 0x00000000eb000000, 0x0000000100000000)
  eden space 512K, 0% used [0x00000000eab00000,0x00000000eab00000,0x00000000eab80000)
  from space 1024K, 53% used [0x00000000eab80000,0x00000000eac08000,0x00000000eac80000)
  to   space 2048K, 0% used [0x00000000eae00000,0x00000000eae00000,0x00000000eb000000)
 ParOldGen       total 62976K, used 62566K [0x00000000c0000000, 0x00000000c3d80000, 0x00000000eab00000)
  object space 62976K, 99% used [0x00000000c0000000,0x00000000c3d198c8,0x00000000c3d80000)
 Metaspace       used 69208K, capacity 71619K, committed 71828K, reserved 1114112K
  class space    used 6409K, capacity 7350K, committed 7424K, reserved 1048576K
}
Event: 6317.003 GC heap before
{Heap before GC invocations=12521 (full 411):
 PSYoungGen      total 1536K, used 544K [0x00000000eab00000, 0x00000000eb000000, 0x0000000100000000)
  eden space 512K, 0% used [0x00000000eab00000,0x00000000eab00000,0x00000000eab80000)
  from space 1024K, 53% used [0x00000000eab80000,0x00000000eac08000,0x00000000eac80000)
  to   space 2048K, 0% used [0x00000000eae00000,0x00000000eae00000,0x00000000eb000000)
 ParOldGen       total 62976K, used 62566K [0x00000000c0000000, 0x00000000c3d80000, 0x00000000eab00000)
  object space 62976K, 99% used [0x00000000c0000000,0x00000000c3d198c8,0x00000000c3d80000)
 Metaspace       used 69208K, capacity 71619K, committed 71828K, reserved 1114112K
  class space    used 6409K, capacity 7350K, committed 7424K, reserved 1048576K
}
Event: 6317.056 GC heap after
{Heap after GC invocations=12521 (full 411):
 PSYoungGen      total 3072K, used 0K [0x00000000eab00000, 0x00000000eb000000, 0x0000000100000000)
  eden space 1024K, 0% used [0x00000000eab00000,0x00000000eab00000,0x00000000eac00000)
  from space 2048K, 0% used [0x00000000eae00000,0x00000000eae00000,0x00000000eb000000)
  to   space 2048K, 0% used [0x00000000eac00000,0x00000000eac00000,0x00000000eae00000)
 ParOldGen       total 66560K, used 47238K [0x00000000c0000000, 0x00000000c4100000, 0x00000000eab00000)
  object space 66560K, 70% used [0x00000000c0000000,0x00000000c2e21b80,0x00000000c4100000)
 Metaspace       used 69208K, capacity 71619K, committed 71828K, reserved 1114112K
  class space    used 6409K, capacity 7350K, committed 7424K, reserved 1048576K
}
Event: 6317.060 GC heap before
{Heap before GC invocations=12522 (full 411):
 PSYoungGen      total 3072K, used 1024K [0x00000000eab00000, 0x00000000eb000000, 0x0000000100000000)
  eden space 1024K, 100% used [0x00000000eab00000,0x00000000eac00000,0x00000000eac00000)
  from space 2048K, 0% used [0x00000000eae00000,0x00000000eae00000,0x00000000eb000000)
  to   space 2048K, 0% used [0x00000000eac00000,0x00000000eac00000,0x00000000eae00000)
 ParOldGen       total 66560K, used 47238K [0x00000000c0000000, 0x00000000c4100000, 0x00000000eab00000)
  object space 66560K, 70% used [0x00000000c0000000,0x00000000c2e21b80,0x00000000c4100000)
 Metaspace       used 69208K, capacity 71619K, committed 71828K, reserved 1114112K
  class space    used 6409K, capacity 7350K, committed 7424K, reserved 1048576K
}
Event: 6317.061 GC heap after
{Heap after GC invocations=12522 (full 411):
 PSYoungGen      total 3072K, used 1088K [0x00000000eab00000, 0x00000000eaf80000, 0x0000000100000000)
  eden space 1024K, 0% used [0x00000000eab00000,0x00000000eab00000,0x00000000eac00000)
  from space 2048K, 53% used [0x00000000eac00000,0x00000000ead10000,0x00000000eae00000)
  to   space 1536K, 0% used [0x00000000eae00000,0x00000000eae00000,0x00000000eaf80000)
 ParOldGen       total 66560K, used 47238K [0x00000000c0000000, 0x00000000c4100000, 0x00000000eab00000)
  object space 66560K, 70% used [0x00000000c0000000,0x00000000c2e21b80,0x00000000c4100000)
 Metaspace       used 69208K, capacity 71619K, committed 71828K, reserved 1114112K
  class space    used 6409K, capacity 7350K, committed 7424K, reserved 1048576K
}
Event: 6317.065 GC heap before
{Heap before GC invocations=12523 (full 411):
 PSYoungGen      total 3072K, used 2112K [0x00000000eab00000, 0x00000000eaf80000, 0x0000000100000000)
  eden space 1024K, 100% used [0x00000000eab00000,0x00000000eac00000,0x00000000eac00000)
  from space 2048K, 53% used [0x00000000eac00000,0x00000000ead10000,0x00000000eae00000)
  to   space 1536K, 0% used [0x00000000eae00000,0x00000000eae00000,0x00000000eaf80000)
 ParOldGen       total 66560K, used 47238K [0x00000000c0000000, 0x00000000c4100000, 0x00000000eab00000)
  object space 66560K, 70% used [0x00000000c0000000,0x00000000c2e21b80,0x00000000c4100000)
 Metaspace       used 69208K, capacity 71619K, committed 71828K, reserved 1114112K
  class space    used 6409K, capacity 7350K, committed 7424K, reserved 1048576K
}
Event: 6317.067 GC heap after
{Heap after GC invocations=12523 (full 411):
 PSYoungGen      total 3072K, used 1056K [0x00000000eab00000, 0x00000000eaf80000, 0x0000000100000000)
  eden space 1536K, 0% used [0x00000000eab00000,0x00000000eab00000,0x00000000eac80000)
  from space 1536K, 68% used [0x00000000eae00000,0x00000000eaf08000,0x00000000eaf80000)
  to   space 1536K, 0% used [0x00000000eac80000,0x00000000eac80000,0x00000000eae00000)
 ParOldGen       total 66560K, used 48270K [0x00000000c0000000, 0x00000000c4100000, 0x00000000eab00000)
  object space 66560K, 72% used [0x00000000c0000000,0x00000000c2f23b80,0x00000000c4100000)
 Metaspace       used 69208K, capacity 71619K, committed 71828K, reserved 1114112K
  class space    used 6409K, capacity 7350K, committed 7424K, reserved 1048576K
}
Event: 6317.072 GC heap before
{Heap before GC invocations=12524 (full 411):
 PSYoungGen      total 3072K, used 2592K [0x00000000eab00000, 0x00000000eaf80000, 0x0000000100000000)
  eden space 1536K, 100% used [0x00000000eab00000,0x00000000eac80000,0x00000000eac80000)
  from space 1536K, 68% used [0x00000000eae00000,0x00000000eaf08000,0x00000000eaf80000)
  to   space 1536K, 0% used [0x00000000eac80000,0x00000000eac80000,0x00000000eae00000)
 ParOldGen       total 66560K, used 48270K [0x00000000c0000000, 0x00000000c4100000, 0x00000000eab00000)
  object space 66560K, 72% used [0x00000000c0000000,0x00000000c2f23b80,0x00000000c4100000)
 Metaspace       used 69208K, capacity 71619K, committed 71828K, reserved 1114112K
  class space    used 6409K, capacity 7350K, committed 7424K, reserved 1048576K
}
Event: 6317.074 GC heap after
{Heap after GC invocations=12524 (full 411):
 PSYoungGen      total 3072K, used 1536K [0x00000000eab00000, 0x00000000eb300000, 0x0000000100000000)
  eden space 1536K, 0% used [0x00000000eab00000,0x00000000eab00000,0x00000000eac80000)
  from space 1536K, 100% used [0x00000000eac80000,0x00000000eae00000,0x00000000eae00000)
  to   space 3072K, 0% used [0x00000000eb000000,0x00000000eb000000,0x00000000eb300000)
 ParOldGen       total 66560K, used 49342K [0x00000000c0000000, 0x00000000c4100000, 0x00000000eab00000)
  object space 66560K, 74% used [0x00000000c0000000,0x00000000c302fb80,0x00000000c4100000)
 Metaspace       used 69208K, capacity 71619K, committed 71828K, reserved 1114112K
  class space    used 6409K, capacity 7350K, committed 7424K, reserved 1048576K
}
Event: 6317.077 GC heap before
{Heap before GC invocations=12525 (full 411):
 PSYoungGen      total 3072K, used 3072K [0x00000000eab00000, 0x00000000eb300000, 0x0000000100000000)
  eden space 1536K, 100% used [0x00000000eab00000,0x00000000eac80000,0x00000000eac80000)
  from space 1536K, 100% used [0x00000000eac80000,0x00000000eae00000,0x00000000eae00000)
  to   space 3072K, 0% used [0x00000000eb000000,0x00000000eb000000,0x00000000eb300000)
 ParOldGen       total 66560K, used 49342K [0x00000000c0000000, 0x00000000c4100000, 0x00000000eab00000)
  object space 66560K, 74% used [0x00000000c0000000,0x00000000c302fb80,0x00000000c4100000)
 Metaspace       used 69208K, capacity 71619K, committed 71828K, reserved 1114112K
  class space    used 6409K, capacity 7350K, committed 7424K, reserved 1048576K
}
Event: 6317.079 GC heap after
{Heap after GC invocations=12525 (full 411):
 PSYoungGen      total 3072K, used 896K [0x00000000eab00000, 0x00000000eb100000, 0x0000000100000000)
  eden space 2048K, 0% used [0x00000000eab00000,0x00000000eab00000,0x00000000ead00000)
  from space 1024K, 87% used [0x00000000eb000000,0x00000000eb0e0000,0x00000000eb100000)
  to   space 1536K, 0% used [0x00000000eae00000,0x00000000eae00000,0x00000000eaf80000)
 ParOldGen       total 66560K, used 50854K [0x00000000c0000000, 0x00000000c4100000, 0x00000000eab00000)
  object space 66560K, 76% used [0x00000000c0000000,0x00000000c31a9b80,0x00000000c4100000)
 Metaspace       used 69208K, capacity 71619K, committed 71828K, reserved 1114112K
  class space    used 6409K, capacity 7350K, committed 7424K, reserved 1048576K
}
Event: 6317.085 GC heap before
{Heap before GC invocations=12526 (full 411):
 PSYoungGen      total 3072K, used 2944K [0x00000000eab00000, 0x00000000eb100000, 0x0000000100000000)
  eden space 2048K, 100% used [0x00000000eab00000,0x00000000ead00000,0x00000000ead00000)
  from space 1024K, 87% used [0x00000000eb000000,0x00000000eb0e0000,0x00000000eb100000)
  to   space 1536K, 0% used [0x00000000eae00000,0x00000000eae00000,0x00000000eaf80000)
 ParOldGen       total 66560K, used 50854K [0x00000000c0000000, 0x00000000c4100000, 0x00000000eab00000)
  object space 66560K, 76% used [0x00000000c0000000,0x00000000c31a9b80,0x00000000c4100000)
 Metaspace       used 69208K, capacity 71619K, committed 71828K, reserved 1114112K
  class space    used 6409K, capacity 7350K, committed 7424K, reserved 1048576K
}
Event: 6317.086 GC heap after
{Heap after GC invocations=12526 (full 411):
 PSYoungGen      total 4096K, used 576K [0x00000000eab00000, 0x00000000eb080000, 0x0000000100000000)
  eden space 2560K, 0% used [0x00000000eab00000,0x00000000eab00000,0x00000000ead80000)
  from space 1536K, 37% used [0x00000000eae00000,0x00000000eae90000,0x00000000eaf80000)
  to   space 1024K, 0% used [0x00000000eaf80000,0x00000000eaf80000,0x00000000eb080000)
 ParOldGen       total 66560K, used 51596K [0x00000000c0000000, 0x00000000c4100000, 0x00000000eab00000)
  object space 66560K, 77% used [0x00000000c0000000,0x00000000c3263238,0x00000000c4100000)
 Metaspace       used 69208K, capacity 71619K, committed 71828K, reserved 1114112K
  class space    used 6409K, capacity 7350K, committed 7424K, reserved 1048576K
}
Event: 6317.092 GC heap before
{Heap before GC invocations=12527 (full 411):
 PSYoungGen      total 4096K, used 3136K [0x00000000eab00000, 0x00000000eb080000, 0x0000000100000000)
  eden space 2560K, 100% used [0x00000000eab00000,0x00000000ead80000,0x00000000ead80000)
  from space 1536K, 37% used [0x00000000eae00000,0x00000000eae90000,0x00000000eaf80000)
  to   space 1024K, 0% used [0x00000000eaf80000,0x00000000eaf80000,0x00000000eb080000)
 ParOldGen       total 66560K, used 51596K [0x00000000c0000000, 0x00000000c4100000, 0x00000000eab00000)
  object space 66560K, 77% used [0x00000000c0000000,0x00000000c3263238,0x00000000c4100000)
 Metaspace       used 69208K, capacity 71619K, committed 71828K, reserved 1114112K
  class space    used 6409K, capacity 7350K, committed 7424K, reserved 1048576K
}
Event: 6317.093 GC heap after
{Heap after GC invocations=12527 (full 411):
 PSYoungGen      total 4096K, used 576K [0x00000000eab00000, 0x00000000eb080000, 0x0000000100000000)
  eden space 3072K, 0% used [0x00000000eab00000,0x00000000eab00000,0x00000000eae00000)
  from space 1024K, 56% used [0x00000000eaf80000,0x00000000eb010000,0x00000000eb080000)
  to   space 1024K, 0% used [0x00000000eae80000,0x00000000eae80000,0x00000000eaf80000)
 ParOldGen       total 66560K, used 52084K [0x00000000c0000000, 0x00000000c4100000, 0x00000000eab00000)
  object space 66560K, 78% used [0x00000000c0000000,0x00000000c32dd238,0x00000000c4100000)
 Metaspace       used 69208K, capacity 71619K, committed 71828K, reserved 1114112K
  class space    used 6409K, capacity 7350K, committed 7424K, reserved 1048576K
}
Event: 6317.099 GC heap before
{Heap before GC invocations=12528 (full 411):
 PSYoungGen      total 4096K, used 3647K [0x00000000eab00000, 0x00000000eb080000, 0x0000000100000000)
  eden space 3072K, 99% used [0x00000000eab00000,0x00000000eadfffe8,0x00000000eae00000)
  from space 1024K, 56% used [0x00000000eaf80000,0x00000000eb010000,0x00000000eb080000)
  to   space 1024K, 0% used [0x00000000eae80000,0x00000000eae80000,0x00000000eaf80000)
 ParOldGen       total 66560K, used 52084K [0x00000000c0000000, 0x00000000c4100000, 0x00000000eab00000)
  object space 66560K, 78% used [0x00000000c0000000,0x00000000c32dd238,0x00000000c4100000)
 Metaspace       used 69208K, capacity 71619K, committed 71828K, reserved 1114112K
  class space    used 6409K, capacity 7350K, committed 7424K, reserved 1048576K
}
Event: 6317.099 GC heap after
{Heap after GC invocations=12528 (full 411):
 PSYoungGen      total 4608K, used 256K [0x00000000eab00000, 0x00000000eb000000, 0x0000000100000000)
  eden space 3584K, 0% used [0x00000000eab00000,0x00000000eab00000,0x00000000eae80000)
  from space 1024K, 25% used [0x00000000eae80000,0x00000000eaec0000,0x00000000eaf80000)
  to   space 512K, 0% used [0x00000000eaf80000,0x00000000eaf80000,0x00000000eb000000)
 ParOldGen       total 66560K, used 52116K [0x00000000c0000000, 0x00000000c4100000, 0x00000000eab00000)
  object space 66560K, 78% used [0x00000000c0000000,0x00000000c32e5238,0x00000000c4100000)
 Metaspace       used 69208K, capacity 71619K, committed 71828K, reserved 1114112K
  class space    used 6409K, capacity 7350K, committed 7424K, reserved 1048576K
}
Event: 6483.092 GC heap before
{Heap before GC invocations=12529 (full 411):
 PSYoungGen      total 4608K, used 3840K [0x00000000eab00000, 0x00000000eb000000, 0x0000000100000000)
  eden space 3584K, 100% used [0x00000000eab00000,0x00000000eae80000,0x00000000eae80000)
  from space 1024K, 25% used [0x00000000eae80000,0x00000000eaec0000,0x00000000eaf80000)
  to   space 512K, 0% used [0x00000000eaf80000,0x00000000eaf80000,0x00000000eb000000)
 ParOldGen       total 66560K, used 52116K [0x00000000c0000000, 0x00000000c4100000, 0x00000000eab00000)
  object space 66560K, 78% used [0x00000000c0000000,0x00000000c32e5238,0x00000000c4100000)
 Metaspace       used 69242K, capacity 71651K, committed 71828K, reserved 1114112K
  class space    used 6417K, capacity 7382K, committed 7424K, reserved 1048576K
}
Event: 6483.093 GC heap after
{Heap after GC invocations=12529 (full 411):
 PSYoungGen      total 4096K, used 224K [0x00000000eab00000, 0x00000000eb000000, 0x0000000100000000)
  eden space 3584K, 0% used [0x00000000eab00000,0x00000000eab00000,0x00000000eae80000)
  from space 512K, 43% used [0x00000000eaf80000,0x00000000eafb8000,0x00000000eb000000)
  to   space 512K, 0% used [0x00000000eaf00000,0x00000000eaf00000,0x00000000eaf80000)
 ParOldGen       total 66560K, used 52140K [0x00000000c0000000, 0x00000000c4100000, 0x00000000eab00000)
  object space 66560K, 78% used [0x00000000c0000000,0x00000000c32eb238,0x00000000c4100000)
 Metaspace       used 69242K, capacity 71651K, committed 71828K, reserved 1114112K
  class space    used 6417K, capacity 7382K, committed 7424K, reserved 1048576K
}

