# JRE version: Java(TM) SE Runtime Environment (15.0.1+9) (build 15.0.1+9-18)
# Java VM: Java HotSpot(TM) 64-Bit Server VM (15.0.1+9-18, mixed mode, sharing, tiered, compressed oops, parallel gc, windows-amd64)
GC Precious Log:
 CPUs: 8 total, 8 available
 Memory: 7991M
 Large Page Support: Disabled
 NUMA Support: Disabled
 Compressed Oops: Enabled (32-bit)
 Heap Min Capacity: 100M
 Heap Initial Capacity: 100M
 Heap Max Capacity: 1G
 Pre-touch: Disabled
 Parallel Workers: 8
Heap:
 PSYoungGen      total 4096K, used 432K [0x00000000eab00000, 0x00000000eb000000, 0x0000000100000000)
  eden space 3072K, 0% used [0x00000000eab00000,0x00000000eab00000,0x00000000eae00000)
  from space 1024K, 42% used [0x00000000eae00000,0x00000000eae6c010,0x00000000eaf00000)
  to   space 1024K, 0% used [0x00000000eaf00000,0x00000000eaf00000,0x00000000eb000000)
 ParOldGen       total 113664K, used 113349K [0x00000000c0000000, 0x00000000c6f00000, 0x00000000eab00000)
  object space 113664K, 99% used [0x00000000c0000000,0x00000000c6eb1698,0x00000000c6f00000)
 Metaspace       used 57933K, capacity 60545K, committed 60760K, reserved 1103872K
  class space    used 5847K, capacity 6728K, committed 6784K, reserved 1048576K
GC Heap History (20 events):
Event: 466.907 GC heap after
{Heap after GC invocations=98 (full 4):
 PSYoungGen      total 3584K, used 160K [0x00000000eab00000, 0x00000000eb000000, 0x0000000100000000)
  eden space 3072K, 0% used [0x00000000eab00000,0x00000000eab00000,0x00000000eae00000)
  from space 512K, 31% used [0x00000000eaf80000,0x00000000eafa8000,0x00000000eb000000)
  to   space 512K, 0% used [0x00000000eaf00000,0x00000000eaf00000,0x00000000eaf80000)
 ParOldGen       total 113664K, used 109588K [0x00000000c0000000, 0x00000000c6f00000, 0x00000000eab00000)
  object space 113664K, 96% used [0x00000000c0000000,0x00000000c6b050e0,0x00000000c6f00000)
 Metaspace       used 57431K, capacity 60033K, committed 60248K, reserved 1103872K
  class space    used 5844K, capacity 6728K, committed 6784K, reserved 1048576K
}
Event: 470.004 GC heap before
{Heap before GC invocations=99 (full 4):
 PSYoungGen      total 3584K, used 3231K [0x00000000eab00000, 0x00000000eb000000, 0x0000000100000000)
  eden space 3072K, 99% used [0x00000000eab00000,0x00000000eadfffe8,0x00000000eae00000)
  from space 512K, 31% used [0x00000000eaf80000,0x00000000eafa8000,0x00000000eb000000)
  to   space 512K, 0% used [0x00000000eaf00000,0x00000000eaf00000,0x00000000eaf80000)
 ParOldGen       total 113664K, used 109588K [0x00000000c0000000, 0x00000000c6f00000, 0x00000000eab00000)
  object space 113664K, 96% used [0x00000000c0000000,0x00000000c6b050e0,0x00000000c6f00000)
 Metaspace       used 57464K, capacity 60033K, committed 60248K, reserved 1103872K
  class space    used 5845K, capacity 6728K, committed 6784K, reserved 1048576K
}
Event: 470.005 GC heap after
{Heap after GC invocations=99 (full 4):
 PSYoungGen      total 3584K, used 480K [0x00000000eab00000, 0x00000000eb000000, 0x0000000100000000)
  eden space 3072K, 0% used [0x00000000eab00000,0x00000000eab00000,0x00000000eae00000)
  from space 512K, 93% used [0x00000000eaf00000,0x00000000eaf78030,0x00000000eaf80000)
  to   space 512K, 0% used [0x00000000eaf80000,0x00000000eaf80000,0x00000000eb000000)
 ParOldGen       total 113664K, used 109878K [0x00000000c0000000, 0x00000000c6f00000, 0x00000000eab00000)
  object space 113664K, 96% used [0x00000000c0000000,0x00000000c6b4da00,0x00000000c6f00000)
 Metaspace       used 57464K, capacity 60033K, committed 60248K, reserved 1103872K
  class space    used 5845K, capacity 6728K, committed 6784K, reserved 1048576K
}
Event: 470.206 GC heap before
{Heap before GC invocations=100 (full 4):
 PSYoungGen      total 3584K, used 3552K [0x00000000eab00000, 0x00000000eb000000, 0x0000000100000000)
  eden space 3072K, 99% used [0x00000000eab00000,0x00000000eadffff0,0x00000000eae00000)
  from space 512K, 93% used [0x00000000eaf00000,0x00000000eaf78030,0x00000000eaf80000)
  to   space 512K, 0% used [0x00000000eaf80000,0x00000000eaf80000,0x00000000eb000000)
 ParOldGen       total 113664K, used 109878K [0x00000000c0000000, 0x00000000c6f00000, 0x00000000eab00000)
  object space 113664K, 96% used [0x00000000c0000000,0x00000000c6b4da00,0x00000000c6f00000)
 Metaspace       used 57507K, capacity 60097K, committed 60248K, reserved 1103872K
  class space    used 5845K, capacity 6728K, committed 6784K, reserved 1048576K
}
Event: 470.207 GC heap after
{Heap after GC invocations=100 (full 4):
 PSYoungGen      total 3584K, used 256K [0x00000000eab00000, 0x00000000eb000000, 0x0000000100000000)
  eden space 3072K, 0% used [0x00000000eab00000,0x00000000eab00000,0x00000000eae00000)
  from space 512K, 50% used [0x00000000eaf80000,0x00000000eafc0000,0x00000000eb000000)
  to   space 512K, 0% used [0x00000000eaf00000,0x00000000eaf00000,0x00000000eaf80000)
 ParOldGen       total 113664K, used 110358K [0x00000000c0000000, 0x00000000c6f00000, 0x00000000eab00000)
  object space 113664K, 97% used [0x00000000c0000000,0x00000000c6bc5908,0x00000000c6f00000)
 Metaspace       used 57507K, capacity 60097K, committed 60248K, reserved 1103872K
  class space    used 5845K, capacity 6728K, committed 6784K, reserved 1048576K
}
Event: 470.768 GC heap before
{Heap before GC invocations=101 (full 4):
 PSYoungGen      total 3584K, used 3328K [0x00000000eab00000, 0x00000000eb000000, 0x0000000100000000)
  eden space 3072K, 100% used [0x00000000eab00000,0x00000000eae00000,0x00000000eae00000)
  from space 512K, 50% used [0x00000000eaf80000,0x00000000eafc0000,0x00000000eb000000)
  to   space 512K, 0% used [0x00000000eaf00000,0x00000000eaf00000,0x00000000eaf80000)
 ParOldGen       total 113664K, used 110358K [0x00000000c0000000, 0x00000000c6f00000, 0x00000000eab00000)
  object space 113664K, 97% used [0x00000000c0000000,0x00000000c6bc5908,0x00000000c6f00000)
 Metaspace       used 57592K, capacity 60161K, committed 60248K, reserved 1103872K
  class space    used 5845K, capacity 6728K, committed 6784K, reserved 1048576K
}
Event: 470.770 GC heap after
{Heap after GC invocations=101 (full 4):
 PSYoungGen      total 3584K, used 496K [0x00000000eab00000, 0x00000000eb100000, 0x0000000100000000)
  eden space 3072K, 0% used [0x00000000eab00000,0x00000000eab00000,0x00000000eae00000)
  from space 512K, 96% used [0x00000000eaf00000,0x00000000eaf7c010,0x00000000eaf80000)
  to   space 1536K, 0% used [0x00000000eaf80000,0x00000000eaf80000,0x00000000eb100000)
 ParOldGen       total 113664K, used 110848K [0x00000000c0000000, 0x00000000c6f00000, 0x00000000eab00000)
  object space 113664K, 97% used [0x00000000c0000000,0x00000000c6c400a0,0x00000000c6f00000)
 Metaspace       used 57592K, capacity 60161K, committed 60248K, reserved 1103872K
  class space    used 5845K, capacity 6728K, committed 6784K, reserved 1048576K
}
Event: 471.088 GC heap before
{Heap before GC invocations=102 (full 4):
 PSYoungGen      total 3584K, used 3568K [0x00000000eab00000, 0x00000000eb100000, 0x0000000100000000)
  eden space 3072K, 100% used [0x00000000eab00000,0x00000000eae00000,0x00000000eae00000)
  from space 512K, 96% used [0x00000000eaf00000,0x00000000eaf7c010,0x00000000eaf80000)
  to   space 1536K, 0% used [0x00000000eaf80000,0x00000000eaf80000,0x00000000eb100000)
 ParOldGen       total 113664K, used 110848K [0x00000000c0000000, 0x00000000c6f00000, 0x00000000eab00000)
  object space 113664K, 97% used [0x00000000c0000000,0x00000000c6c400a0,0x00000000c6f00000)
 Metaspace       used 57702K, capacity 60289K, committed 60504K, reserved 1103872K
  class space    used 5845K, capacity 6728K, committed 6784K, reserved 1048576K
}
Event: 471.090 GC heap after
{Heap after GC invocations=102 (full 4):
 PSYoungGen      total 4096K, used 864K [0x00000000eab00000, 0x00000000eb080000, 0x0000000100000000)
  eden space 3072K, 0% used [0x00000000eab00000,0x00000000eab00000,0x00000000eae00000)
  from space 1024K, 84% used [0x00000000eaf80000,0x00000000eb058000,0x00000000eb080000)
  to   space 1024K, 0% used [0x00000000eae80000,0x00000000eae80000,0x00000000eaf80000)
 ParOldGen       total 113664K, used 111337K [0x00000000c0000000, 0x00000000c6f00000, 0x00000000eab00000)
  object space 113664K, 97% used [0x00000000c0000000,0x00000000c6cba6b0,0x00000000c6f00000)
 Metaspace       used 57702K, capacity 60289K, committed 60504K, reserved 1103872K
  class space    used 5845K, capacity 6728K, committed 6784K, reserved 1048576K
}
Event: 471.115 GC heap before
{Heap before GC invocations=103 (full 4):
 PSYoungGen      total 4096K, used 3936K [0x00000000eab00000, 0x00000000eb080000, 0x0000000100000000)
  eden space 3072K, 100% used [0x00000000eab00000,0x00000000eae00000,0x00000000eae00000)
  from space 1024K, 84% used [0x00000000eaf80000,0x00000000eb058000,0x00000000eb080000)
  to   space 1024K, 0% used [0x00000000eae80000,0x00000000eae80000,0x00000000eaf80000)
 ParOldGen       total 113664K, used 111337K [0x00000000c0000000, 0x00000000c6f00000, 0x00000000eab00000)
  object space 113664K, 97% used [0x00000000c0000000,0x00000000c6cba6b0,0x00000000c6f00000)
 Metaspace       used 57748K, capacity 60289K, committed 60504K, reserved 1103872K
  class space    used 5845K, capacity 6728K, committed 6784K, reserved 1048576K
}
Event: 471.117 GC heap after
{Heap after GC invocations=103 (full 4):
 PSYoungGen      total 4096K, used 992K [0x00000000eab00000, 0x00000000eb100000, 0x0000000100000000)
  eden space 3072K, 0% used [0x00000000eab00000,0x00000000eab00000,0x00000000eae00000)
  from space 1024K, 96% used [0x00000000eae80000,0x00000000eaf78020,0x00000000eaf80000)
  to   space 1536K, 0% used [0x00000000eaf80000,0x00000000eaf80000,0x00000000eb100000)
 ParOldGen       total 113664K, used 111643K [0x00000000c0000000, 0x00000000c6f00000, 0x00000000eab00000)
  object space 113664K, 98% used [0x00000000c0000000,0x00000000c6d06fd0,0x00000000c6f00000)
 Metaspace       used 57748K, capacity 60289K, committed 60504K, reserved 1103872K
  class space    used 5845K, capacity 6728K, committed 6784K, reserved 1048576K
}
Event: 472.512 GC heap before
{Heap before GC invocations=104 (full 4):
 PSYoungGen      total 4096K, used 4064K [0x00000000eab00000, 0x00000000eb100000, 0x0000000100000000)
  eden space 3072K, 100% used [0x00000000eab00000,0x00000000eae00000,0x00000000eae00000)
  from space 1024K, 96% used [0x00000000eae80000,0x00000000eaf78020,0x00000000eaf80000)
  to   space 1536K, 0% used [0x00000000eaf80000,0x00000000eaf80000,0x00000000eb100000)
 ParOldGen       total 113664K, used 111643K [0x00000000c0000000, 0x00000000c6f00000, 0x00000000eab00000)
  object space 113664K, 98% used [0x00000000c0000000,0x00000000c6d06fd0,0x00000000c6f00000)
 Metaspace       used 57807K, capacity 60417K, committed 60504K, reserved 1103872K
  class space    used 5847K, capacity 6728K, committed 6784K, reserved 1048576K
}
Event: 472.513 GC heap after
{Heap after GC invocations=104 (full 4):
 PSYoungGen      total 4096K, used 736K [0x00000000eab00000, 0x00000000eb080000, 0x0000000100000000)
  eden space 3072K, 0% used [0x00000000eab00000,0x00000000eab00000,0x00000000eae00000)
  from space 1024K, 71% used [0x00000000eaf80000,0x00000000eb038010,0x00000000eb080000)
  to   space 1024K, 0% used [0x00000000eae80000,0x00000000eae80000,0x00000000eaf80000)
 ParOldGen       total 113664K, used 112496K [0x00000000c0000000, 0x00000000c6f00000, 0x00000000eab00000)
  object space 113664K, 98% used [0x00000000c0000000,0x00000000c6ddc068,0x00000000c6f00000)
 Metaspace       used 57807K, capacity 60417K, committed 60504K, reserved 1103872K
  class space    used 5847K, capacity 6728K, committed 6784K, reserved 1048576K
}
Event: 472.528 GC heap before
{Heap before GC invocations=105 (full 4):
 PSYoungGen      total 4096K, used 3808K [0x00000000eab00000, 0x00000000eb080000, 0x0000000100000000)
  eden space 3072K, 100% used [0x00000000eab00000,0x00000000eae00000,0x00000000eae00000)
  from space 1024K, 71% used [0x00000000eaf80000,0x00000000eb038010,0x00000000eb080000)
  to   space 1024K, 0% used [0x00000000eae80000,0x00000000eae80000,0x00000000eaf80000)
 ParOldGen       total 113664K, used 112496K [0x00000000c0000000, 0x00000000c6f00000, 0x00000000eab00000)
  object space 113664K, 98% used [0x00000000c0000000,0x00000000c6ddc068,0x00000000c6f00000)
 Metaspace       used 57912K, capacity 60481K, committed 60760K, reserved 1103872K
  class space    used 5847K, capacity 6728K, committed 6784K, reserved 1048576K
}
Event: 472.529 GC heap after
{Heap after GC invocations=105 (full 4):
 PSYoungGen      total 4096K, used 896K [0x00000000eab00000, 0x00000000eb000000, 0x0000000100000000)
  eden space 3072K, 0% used [0x00000000eab00000,0x00000000eab00000,0x00000000eae00000)
  from space 1024K, 87% used [0x00000000eae80000,0x00000000eaf60010,0x00000000eaf80000)
  to   space 512K, 0% used [0x00000000eaf80000,0x00000000eaf80000,0x00000000eb000000)
 ParOldGen       total 113664K, used 112496K [0x00000000c0000000, 0x00000000c6f00000, 0x00000000eab00000)
  object space 113664K, 98% used [0x00000000c0000000,0x00000000c6ddc068,0x00000000c6f00000)
 Metaspace       used 57912K, capacity 60481K, committed 60760K, reserved 1103872K
  class space    used 5847K, capacity 6728K, committed 6784K, reserved 1048576K
}
Event: 472.541 GC heap before
{Heap before GC invocations=106 (full 4):
 PSYoungGen      total 4096K, used 3968K [0x00000000eab00000, 0x00000000eb000000, 0x0000000100000000)
  eden space 3072K, 100% used [0x00000000eab00000,0x00000000eae00000,0x00000000eae00000)
  from space 1024K, 87% used [0x00000000eae80000,0x00000000eaf60010,0x00000000eaf80000)
  to   space 512K, 0% used [0x00000000eaf80000,0x00000000eaf80000,0x00000000eb000000)
 ParOldGen       total 113664K, used 112496K [0x00000000c0000000, 0x00000000c6f00000, 0x00000000eab00000)
  object space 113664K, 98% used [0x00000000c0000000,0x00000000c6ddc068,0x00000000c6f00000)
 Metaspace       used 57919K, capacity 60481K, committed 60760K, reserved 1103872K
  class space    used 5847K, capacity 6728K, committed 6784K, reserved 1048576K
}
Event: 472.542 GC heap after
{Heap after GC invocations=106 (full 4):
 PSYoungGen      total 3584K, used 480K [0x00000000eab00000, 0x00000000eb000000, 0x0000000100000000)
  eden space 3072K, 0% used [0x00000000eab00000,0x00000000eab00000,0x00000000eae00000)
  from space 512K, 93% used [0x00000000eaf80000,0x00000000eaff8010,0x00000000eb000000)
  to   space 1024K, 0% used [0x00000000eae00000,0x00000000eae00000,0x00000000eaf00000)
 ParOldGen       total 113664K, used 112844K [0x00000000c0000000, 0x00000000c6f00000, 0x00000000eab00000)
  object space 113664K, 99% used [0x00000000c0000000,0x00000000c6e33098,0x00000000c6f00000)
 Metaspace       used 57919K, capacity 60481K, committed 60760K, reserved 1103872K
  class space    used 5847K, capacity 6728K, committed 6784K, reserved 1048576K
}
Event: 472.552 GC heap before
{Heap before GC invocations=107 (full 4):
 PSYoungGen      total 3584K, used 3552K [0x00000000eab00000, 0x00000000eb000000, 0x0000000100000000)
  eden space 3072K, 100% used [0x00000000eab00000,0x00000000eae00000,0x00000000eae00000)
  from space 512K, 93% used [0x00000000eaf80000,0x00000000eaff8010,0x00000000eb000000)
  to   space 1024K, 0% used [0x00000000eae00000,0x00000000eae00000,0x00000000eaf00000)
 ParOldGen       total 113664K, used 112844K [0x00000000c0000000, 0x00000000c6f00000, 0x00000000eab00000)
  object space 113664K, 99% used [0x00000000c0000000,0x00000000c6e33098,0x00000000c6f00000)
 Metaspace       used 57933K, capacity 60545K, committed 60760K, reserved 1103872K
  class space    used 5847K, capacity 6728K, committed 6784K, reserved 1048576K
}
Event: 472.554 GC heap after
{Heap after GC invocations=107 (full 4):
 PSYoungGen      total 4096K, used 432K [0x00000000eab00000, 0x00000000eb000000, 0x0000000100000000)
  eden space 3072K, 0% used [0x00000000eab00000,0x00000000eab00000,0x00000000eae00000)
  from space 1024K, 42% used [0x00000000eae00000,0x00000000eae6c010,0x00000000eaf00000)
  to   space 1024K, 0% used [0x00000000eaf00000,0x00000000eaf00000,0x00000000eb000000)
 ParOldGen       total 113664K, used 113349K [0x00000000c0000000, 0x00000000c6f00000, 0x00000000eab00000)
  object space 113664K, 99% used [0x00000000c0000000,0x00000000c6eb1698,0x00000000c6f00000)
 Metaspace       used 57933K, capacity 60545K, committed 60760K, reserved 1103872K
  class space    used 5847K, capacity 6728K, committed 6784K, reserved 1048576K
}
Event: 472.554 GC heap before
{Heap before GC invocations=108 (full 5):
 PSYoungGen      total 4096K, used 432K [0x00000000eab00000, 0x00000000eb000000, 0x0000000100000000)
  eden space 3072K, 0% used [0x00000000eab00000,0x00000000eab00000,0x00000000eae00000)
  from space 1024K, 42% used [0x00000000eae00000,0x00000000eae6c010,0x00000000eaf00000)
  to   space 1024K, 0% used [0x00000000eaf00000,0x00000000eaf00000,0x00000000eb000000)
 ParOldGen       total 113664K, used 113349K [0x00000000c0000000, 0x00000000c6f00000, 0x00000000eab00000)
  object space 113664K, 99% used [0x00000000c0000000,0x00000000c6eb1698,0x00000000c6f00000)
 Metaspace       used 57933K, capacity 60545K, committed 60760K, reserved 1103872K
  class space    used 5847K, capacity 6728K, committed 6784K, reserved 1048576K
}

