# JRE version: Java(TM) SE Runtime Environment (15.0.1+9) (build 15.0.1+9-18)
# Java VM: Java HotSpot(TM) 64-Bit Server VM (15.0.1+9-18, mixed mode, sharing, tiered, compressed oops, parallel gc, windows-amd64)
GC Precious Log:
 CPUs: 8 total, 8 available
 Memory: 7991M
 Large Page Support: Disabled
 NUMA Support: Disabled
 Compressed Oops: Enabled (32-bit)
 Heap Min Capacity: 100M
 Heap Initial Capacity: 100M
 Heap Max Capacity: 1G
 Pre-touch: Disabled
 Parallel Workers: 8
Heap:
 PSYoungGen      total 27648K, used 5999K [0x00000000eab00000, 0x00000000ed300000, 0x0000000100000000)
  eden space 21504K, 0% used [0x00000000eab00000,0x00000000eab00000,0x00000000ec000000)
  from space 6144K, 97% used [0x00000000ec000000,0x00000000ec5dbc08,0x00000000ec600000)
  to   space 9728K, 0% used [0x00000000ec980000,0x00000000ec980000,0x00000000ed300000)
 ParOldGen       total 81920K, used 77662K [0x00000000c0000000, 0x00000000c5000000, 0x00000000eab00000)
  object space 81920K, 94% used [0x00000000c0000000,0x00000000c4bd7a80,0x00000000c5000000)
 Metaspace       used 50479K, capacity 52968K, committed 53168K, reserved 1095680K
  class space    used 5294K, capacity 6108K, committed 6144K, reserved 1048576K
GC Heap History (20 events):
Event: 6.777 GC heap after
{Heap after GC invocations=10 (full 2):
 PSYoungGen      total 30208K, used 0K [0x00000000eab00000, 0x00000000ed180000, 0x0000000100000000)
  eden space 24064K, 0% used [0x00000000eab00000,0x00000000eab00000,0x00000000ec280000)
  from space 6144K, 0% used [0x00000000ecb80000,0x00000000ecb80000,0x00000000ed180000)
  to   space 7168K, 0% used [0x00000000ec380000,0x00000000ec380000,0x00000000eca80000)
 ParOldGen       total 68608K, used 21214K [0x00000000c0000000, 0x00000000c4300000, 0x00000000eab00000)
  object space 68608K, 30% used [0x00000000c0000000,0x00000000c14b7800,0x00000000c4300000)
 Metaspace       used 33334K, capacity 35324K, committed 35376K, reserved 1081344K
  class space    used 3506K, capacity 4173K, committed 4224K, reserved 1048576K
}
Event: 6.859 GC heap before
{Heap before GC invocations=11 (full 2):
 PSYoungGen      total 30208K, used 24064K [0x00000000eab00000, 0x00000000ed180000, 0x0000000100000000)
  eden space 24064K, 100% used [0x00000000eab00000,0x00000000ec280000,0x00000000ec280000)
  from space 6144K, 0% used [0x00000000ecb80000,0x00000000ecb80000,0x00000000ed180000)
  to   space 7168K, 0% used [0x00000000ec380000,0x00000000ec380000,0x00000000eca80000)
 ParOldGen       total 68608K, used 21214K [0x00000000c0000000, 0x00000000c4300000, 0x00000000eab00000)
  object space 68608K, 30% used [0x00000000c0000000,0x00000000c14b7800,0x00000000c4300000)
 Metaspace       used 33631K, capacity 35588K, committed 35888K, reserved 1081344K
  class space    used 3536K, capacity 4173K, committed 4224K, reserved 1048576K
}
Event: 6.863 GC heap after
{Heap after GC invocations=11 (full 2):
 PSYoungGen      total 26624K, used 2905K [0x00000000eab00000, 0x00000000ecc00000, 0x0000000100000000)
  eden space 23552K, 0% used [0x00000000eab00000,0x00000000eab00000,0x00000000ec200000)
  from space 3072K, 94% used [0x00000000ec380000,0x00000000ec656738,0x00000000ec680000)
  to   space 4608K, 0% used [0x00000000ec780000,0x00000000ec780000,0x00000000ecc00000)
 ParOldGen       total 68608K, used 21214K [0x00000000c0000000, 0x00000000c4300000, 0x00000000eab00000)
  object space 68608K, 30% used [0x00000000c0000000,0x00000000c14b7800,0x00000000c4300000)
 Metaspace       used 33631K, capacity 35588K, committed 35888K, reserved 1081344K
  class space    used 3536K, capacity 4173K, committed 4224K, reserved 1048576K
}
Event: 6.955 GC heap before
{Heap before GC invocations=12 (full 2):
 PSYoungGen      total 26624K, used 26457K [0x00000000eab00000, 0x00000000ecc00000, 0x0000000100000000)
  eden space 23552K, 100% used [0x00000000eab00000,0x00000000ec200000,0x00000000ec200000)
  from space 3072K, 94% used [0x00000000ec380000,0x00000000ec656738,0x00000000ec680000)
  to   space 4608K, 0% used [0x00000000ec780000,0x00000000ec780000,0x00000000ecc00000)
 ParOldGen       total 68608K, used 21214K [0x00000000c0000000, 0x00000000c4300000, 0x00000000eab00000)
  object space 68608K, 30% used [0x00000000c0000000,0x00000000c14b7800,0x00000000c4300000)
 Metaspace       used 34030K, capacity 35940K, committed 36144K, reserved 1081344K
  class space    used 3566K, capacity 4205K, committed 4224K, reserved 1048576K
}
Event: 6.959 GC heap after
{Heap after GC invocations=12 (full 2):
 PSYoungGen      total 27648K, used 4604K [0x00000000eab00000, 0x00000000ecc80000, 0x0000000100000000)
  eden space 23040K, 0% used [0x00000000eab00000,0x00000000eab00000,0x00000000ec180000)
  from space 4608K, 99% used [0x00000000ec780000,0x00000000ecbff260,0x00000000ecc00000)
  to   space 5632K, 0% used [0x00000000ec180000,0x00000000ec180000,0x00000000ec700000)
 ParOldGen       total 68608K, used 21470K [0x00000000c0000000, 0x00000000c4300000, 0x00000000eab00000)
  object space 68608K, 31% used [0x00000000c0000000,0x00000000c14f7800,0x00000000c4300000)
 Metaspace       used 34030K, capacity 35940K, committed 36144K, reserved 1081344K
  class space    used 3566K, capacity 4205K, committed 4224K, reserved 1048576K
}
Event: 7.412 GC heap before
{Heap before GC invocations=13 (full 2):
 PSYoungGen      total 27648K, used 27644K [0x00000000eab00000, 0x00000000ecc80000, 0x0000000100000000)
  eden space 23040K, 100% used [0x00000000eab00000,0x00000000ec180000,0x00000000ec180000)
  from space 4608K, 99% used [0x00000000ec780000,0x00000000ecbff260,0x00000000ecc00000)
  to   space 5632K, 0% used [0x00000000ec180000,0x00000000ec180000,0x00000000ec700000)
 ParOldGen       total 68608K, used 21470K [0x00000000c0000000, 0x00000000c4300000, 0x00000000eab00000)
  object space 68608K, 31% used [0x00000000c0000000,0x00000000c14f7800,0x00000000c4300000)
 Metaspace       used 35645K, capacity 37650K, committed 37936K, reserved 1083392K
  class space    used 3754K, capacity 4433K, committed 4480K, reserved 1048576K
}
Event: 7.418 GC heap after
{Heap after GC invocations=13 (full 2):
 PSYoungGen      total 24576K, used 1728K [0x00000000eab00000, 0x00000000ec800000, 0x0000000100000000)
  eden space 22528K, 0% used [0x00000000eab00000,0x00000000eab00000,0x00000000ec100000)
  from space 2048K, 84% used [0x00000000ec180000,0x00000000ec330000,0x00000000ec380000)
  to   space 3072K, 0% used [0x00000000ec500000,0x00000000ec500000,0x00000000ec800000)
 ParOldGen       total 68608K, used 26045K [0x00000000c0000000, 0x00000000c4300000, 0x00000000eab00000)
  object space 68608K, 37% used [0x00000000c0000000,0x00000000c196f618,0x00000000c4300000)
 Metaspace       used 35645K, capacity 37650K, committed 37936K, reserved 1083392K
  class space    used 3754K, capacity 4433K, committed 4480K, reserved 1048576K
}
Event: 8.117 GC heap before
{Heap before GC invocations=14 (full 2):
 PSYoungGen      total 24576K, used 24256K [0x00000000eab00000, 0x00000000ec800000, 0x0000000100000000)
  eden space 22528K, 100% used [0x00000000eab00000,0x00000000ec100000,0x00000000ec100000)
  from space 2048K, 84% used [0x00000000ec180000,0x00000000ec330000,0x00000000ec380000)
  to   space 3072K, 0% used [0x00000000ec500000,0x00000000ec500000,0x00000000ec800000)
 ParOldGen       total 68608K, used 26045K [0x00000000c0000000, 0x00000000c4300000, 0x00000000eab00000)
  object space 68608K, 37% used [0x00000000c0000000,0x00000000c196f618,0x00000000c4300000)
 Metaspace       used 42677K, capacity 44879K, committed 44976K, reserved 1089536K
  class space    used 4543K, capacity 5304K, committed 5376K, reserved 1048576K
}
Event: 8.120 GC heap after
{Heap after GC invocations=14 (full 2):
 PSYoungGen      total 24064K, used 2007K [0x00000000eab00000, 0x00000000ec700000, 0x0000000100000000)
  eden space 22016K, 0% used [0x00000000eab00000,0x00000000eab00000,0x00000000ec080000)
  from space 2048K, 98% used [0x00000000ec500000,0x00000000ec6f5f88,0x00000000ec700000)
  to   space 2560K, 0% used [0x00000000ec200000,0x00000000ec200000,0x00000000ec480000)
 ParOldGen       total 68608K, used 27645K [0x00000000c0000000, 0x00000000c4300000, 0x00000000eab00000)
  object space 68608K, 40% used [0x00000000c0000000,0x00000000c1aff618,0x00000000c4300000)
 Metaspace       used 42677K, capacity 44879K, committed 44976K, reserved 1089536K
  class space    used 4543K, capacity 5304K, committed 5376K, reserved 1048576K
}
Event: 8.522 GC heap before
{Heap before GC invocations=15 (full 2):
 PSYoungGen      total 24064K, used 24023K [0x00000000eab00000, 0x00000000ec700000, 0x0000000100000000)
  eden space 22016K, 100% used [0x00000000eab00000,0x00000000ec080000,0x00000000ec080000)
  from space 2048K, 98% used [0x00000000ec500000,0x00000000ec6f5f88,0x00000000ec700000)
  to   space 2560K, 0% used [0x00000000ec200000,0x00000000ec200000,0x00000000ec480000)
 ParOldGen       total 68608K, used 27693K [0x00000000c0000000, 0x00000000c4300000, 0x00000000eab00000)
  object space 68608K, 40% used [0x00000000c0000000,0x00000000c1b0b468,0x00000000c4300000)
 Metaspace       used 45590K, capacity 47893K, committed 48048K, reserved 1091584K
  class space    used 4846K, capacity 5599K, committed 5632K, reserved 1048576K
}
Event: 8.529 GC heap after
{Heap after GC invocations=15 (full 2):
 PSYoungGen      total 24576K, used 2537K [0x00000000eab00000, 0x00000000ed680000, 0x0000000100000000)
  eden space 22016K, 0% used [0x00000000eab00000,0x00000000eab00000,0x00000000ec080000)
  from space 2560K, 99% used [0x00000000ec200000,0x00000000ec47a5b8,0x00000000ec480000)
  to   space 11264K, 0% used [0x00000000ecb80000,0x00000000ecb80000,0x00000000ed680000)
 ParOldGen       total 68608K, used 34932K [0x00000000c0000000, 0x00000000c4300000, 0x00000000eab00000)
  object space 68608K, 50% used [0x00000000c0000000,0x00000000c221d248,0x00000000c4300000)
 Metaspace       used 45590K, capacity 47893K, committed 48048K, reserved 1091584K
  class space    used 4846K, capacity 5599K, committed 5632K, reserved 1048576K
}
Event: 8.722 GC heap before
{Heap before GC invocations=16 (full 3):
 PSYoungGen      total 24576K, used 24553K [0x00000000eab00000, 0x00000000ed680000, 0x0000000100000000)
  eden space 22016K, 100% used [0x00000000eab00000,0x00000000ec080000,0x00000000ec080000)
  from space 2560K, 99% used [0x00000000ec200000,0x00000000ec47a5b8,0x00000000ec480000)
  to   space 11264K, 0% used [0x00000000ecb80000,0x00000000ecb80000,0x00000000ed680000)
 ParOldGen       total 79872K, used 72274K [0x00000000c0000000, 0x00000000c4e00000, 0x00000000eab00000)
  object space 79872K, 90% used [0x00000000c0000000,0x00000000c4694830,0x00000000c4e00000)
 Metaspace       used 46112K, capacity 48459K, committed 48688K, reserved 1091584K
  class space    used 4890K, capacity 5672K, committed 5760K, reserved 1048576K
}
Event: 8.835 GC heap after
{Heap after GC invocations=16 (full 3):
 PSYoungGen      total 33280K, used 0K [0x00000000eab00000, 0x00000000ed680000, 0x0000000100000000)
  eden space 22016K, 0% used [0x00000000eab00000,0x00000000eab00000,0x00000000ec080000)
  from space 11264K, 0% used [0x00000000ecb80000,0x00000000ecb80000,0x00000000ed680000)
  to   space 11264K, 0% used [0x00000000ec080000,0x00000000ec080000,0x00000000ecb80000)
 ParOldGen       total 81920K, used 48398K [0x00000000c0000000, 0x00000000c5000000, 0x00000000eab00000)
  object space 81920K, 59% used [0x00000000c0000000,0x00000000c2f43a60,0x00000000c5000000)
 Metaspace       used 46108K, capacity 48453K, committed 48688K, reserved 1091584K
  class space    used 4890K, capacity 5671K, committed 5760K, reserved 1048576K
}
Event: 8.937 GC heap before
{Heap before GC invocations=17 (full 3):
 PSYoungGen      total 33280K, used 22016K [0x00000000eab00000, 0x00000000ed680000, 0x0000000100000000)
  eden space 22016K, 100% used [0x00000000eab00000,0x00000000ec080000,0x00000000ec080000)
  from space 11264K, 0% used [0x00000000ecb80000,0x00000000ecb80000,0x00000000ed680000)
  to   space 11264K, 0% used [0x00000000ec080000,0x00000000ec080000,0x00000000ecb80000)
 ParOldGen       total 81920K, used 48398K [0x00000000c0000000, 0x00000000c5000000, 0x00000000eab00000)
  object space 81920K, 59% used [0x00000000c0000000,0x00000000c2f43a60,0x00000000c5000000)
 Metaspace       used 46822K, capacity 49131K, committed 49200K, reserved 1093632K
  class space    used 4970K, capacity 5705K, committed 5760K, reserved 1048576K
}
Event: 8.946 GC heap after
{Heap after GC invocations=17 (full 3):
 PSYoungGen      total 32768K, used 11248K [0x00000000eab00000, 0x00000000edf00000, 0x0000000100000000)
  eden space 21504K, 0% used [0x00000000eab00000,0x00000000eab00000,0x00000000ec000000)
  from space 11264K, 99% used [0x00000000ec080000,0x00000000ecb7c010,0x00000000ecb80000)
  to   space 15872K, 0% used [0x00000000ecf80000,0x00000000ecf80000,0x00000000edf00000)
 ParOldGen       total 81920K, used 51462K [0x00000000c0000000, 0x00000000c5000000, 0x00000000eab00000)
  object space 81920K, 62% used [0x00000000c0000000,0x00000000c3241a60,0x00000000c5000000)
 Metaspace       used 46822K, capacity 49131K, committed 49200K, reserved 1093632K
  class space    used 4970K, capacity 5705K, committed 5760K, reserved 1048576K
}
Event: 9.023 GC heap before
{Heap before GC invocations=18 (full 3):
 PSYoungGen      total 32768K, used 32752K [0x00000000eab00000, 0x00000000edf00000, 0x0000000100000000)
  eden space 21504K, 100% used [0x00000000eab00000,0x00000000ec000000,0x00000000ec000000)
  from space 11264K, 99% used [0x00000000ec080000,0x00000000ecb7c010,0x00000000ecb80000)
  to   space 15872K, 0% used [0x00000000ecf80000,0x00000000ecf80000,0x00000000edf00000)
 ParOldGen       total 81920K, used 51462K [0x00000000c0000000, 0x00000000c5000000, 0x00000000eab00000)
  object space 81920K, 62% used [0x00000000c0000000,0x00000000c3241a60,0x00000000c5000000)
 Metaspace       used 46908K, capacity 49227K, committed 49456K, reserved 1093632K
  class space    used 4979K, capacity 5737K, committed 5760K, reserved 1048576K
}
Event: 9.040 GC heap after
{Heap after GC invocations=18 (full 3):
 PSYoungGen      total 37376K, used 15008K [0x00000000eab00000, 0x00000000edf00000, 0x0000000100000000)
  eden space 21504K, 0% used [0x00000000eab00000,0x00000000eab00000,0x00000000ec000000)
  from space 15872K, 94% used [0x00000000ecf80000,0x00000000ede28000,0x00000000edf00000)
  to   space 15872K, 0% used [0x00000000ec000000,0x00000000ec000000,0x00000000ecf80000)
 ParOldGen       total 81920K, used 62758K [0x00000000c0000000, 0x00000000c5000000, 0x00000000eab00000)
  object space 81920K, 76% used [0x00000000c0000000,0x00000000c3d49a80,0x00000000c5000000)
 Metaspace       used 46908K, capacity 49227K, committed 49456K, reserved 1093632K
  class space    used 4979K, capacity 5737K, committed 5760K, reserved 1048576K
}
Event: 9.555 GC heap before
{Heap before GC invocations=19 (full 3):
 PSYoungGen      total 37376K, used 36512K [0x00000000eab00000, 0x00000000edf00000, 0x0000000100000000)
  eden space 21504K, 100% used [0x00000000eab00000,0x00000000ec000000,0x00000000ec000000)
  from space 15872K, 94% used [0x00000000ecf80000,0x00000000ede28000,0x00000000edf00000)
  to   space 15872K, 0% used [0x00000000ec000000,0x00000000ec000000,0x00000000ecf80000)
 ParOldGen       total 81920K, used 62758K [0x00000000c0000000, 0x00000000c5000000, 0x00000000eab00000)
  object space 81920K, 76% used [0x00000000c0000000,0x00000000c3d49a80,0x00000000c5000000)
 Metaspace       used 50479K, capacity 52968K, committed 53168K, reserved 1095680K
  class space    used 5294K, capacity 6108K, committed 6144K, reserved 1048576K
}
Event: 9.568 GC heap after
{Heap after GC invocations=19 (full 3):
 PSYoungGen      total 27648K, used 5999K [0x00000000eab00000, 0x00000000ed300000, 0x0000000100000000)
  eden space 21504K, 0% used [0x00000000eab00000,0x00000000eab00000,0x00000000ec000000)
  from space 6144K, 97% used [0x00000000ec000000,0x00000000ec5dbc08,0x00000000ec600000)
  to   space 9728K, 0% used [0x00000000ec980000,0x00000000ec980000,0x00000000ed300000)
 ParOldGen       total 81920K, used 77662K [0x00000000c0000000, 0x00000000c5000000, 0x00000000eab00000)
  object space 81920K, 94% used [0x00000000c0000000,0x00000000c4bd7a80,0x00000000c5000000)
 Metaspace       used 50479K, capacity 52968K, committed 53168K, reserved 1095680K
  class space    used 5294K, capacity 6108K, committed 6144K, reserved 1048576K
}
Event: 9.568 GC heap before
{Heap before GC invocations=20 (full 4):
 PSYoungGen      total 27648K, used 5999K [0x00000000eab00000, 0x00000000ed300000, 0x0000000100000000)
  eden space 21504K, 0% used [0x00000000eab00000,0x00000000eab00000,0x00000000ec000000)
  from space 6144K, 97% used [0x00000000ec000000,0x00000000ec5dbc08,0x00000000ec600000)
  to   space 9728K, 0% used [0x00000000ec980000,0x00000000ec980000,0x00000000ed300000)
 ParOldGen       total 81920K, used 77662K [0x00000000c0000000, 0x00000000c5000000, 0x00000000eab00000)
  object space 81920K, 94% used [0x00000000c0000000,0x00000000c4bd7a80,0x00000000c5000000)
 Metaspace       used 50479K, capacity 52968K, committed 53168K, reserved 1095680K
  class space    used 5294K, capacity 6108K, committed 6144K, reserved 1048576K
}

